2023-03-16 18:43:19,527 INFO [main] c.AfspClient [AfspClient.java:25] Client Starting...
2023-03-16 18:43:19,535 INFO [main] c.AfspClient [AfspClient.java:32] Using Port: 8080
2023-03-16 18:43:19,535 INFO [main] c.AfspClient [AfspClient.java:33] Using Host: localhost
2023-03-16 18:43:19,544 INFO [main] a.AfspResponseParser [AfspResponseParser.java:16] ** Start Parsing Response **
2023-03-16 18:43:19,544 INFO [main] a.AfspResponseParser [AfspResponseParser.java:85] ** STATUSCODE PARSED: 200**
2023-03-16 18:43:19,544 INFO [main] a.AfspResponseParser [AfspResponseParser.java:54] ** MESSAGE PARSED: OK**
2023-03-16 18:43:19,553 INFO [main] a.AfspResponseParser [AfspResponseParser.java:106]  ** PARSING BODY **
2023-03-16 18:49:57,755 INFO [main] c.AfspClient [AfspClient.java:25] Client Starting...
2023-03-16 18:49:57,755 INFO [main] c.AfspClient [AfspClient.java:32] Using Port: 8080
2023-03-16 18:49:57,755 INFO [main] c.AfspClient [AfspClient.java:33] Using Host: localhost
2023-03-16 18:49:57,774 INFO [main] a.AfspResponseParser [AfspResponseParser.java:16] ** Start Parsing Response **
2023-03-16 18:49:57,785 INFO [main] a.AfspResponseParser [AfspResponseParser.java:106]  ** PARSING BODY **
2023-03-16 18:50:03,243 INFO [main] c.AfspClient [AfspClient.java:25] Client Starting...
2023-03-16 18:50:03,245 INFO [main] c.AfspClient [AfspClient.java:32] Using Port: 8080
2023-03-16 18:50:03,245 INFO [main] c.AfspClient [AfspClient.java:33] Using Host: localhost
2023-03-16 18:50:03,254 INFO [main] a.AfspResponseParser [AfspResponseParser.java:16] ** Start Parsing Response **
2023-03-16 18:50:03,254 INFO [main] a.AfspResponseParser [AfspResponseParser.java:106]  ** PARSING BODY **
2023-03-21 16:49:27,078 INFO [main] c.AfspClient [AfspClient.java:31] Client Starting...
2023-03-21 16:49:27,082 INFO [main] c.AfspClient [AfspClient.java:32] Using Mode: Production
2023-03-21 16:49:27,084 INFO [main] c.AfspClient [AfspClient.java:33] Using Port: 8080
2023-03-21 16:49:27,085 INFO [main] c.AfspClient [AfspClient.java:34] Using Folder: localhost
2023-03-21 16:49:27,085 INFO [main] c.AfspClient [AfspClient.java:35] Using Host: localhost
2023-03-21 16:49:27,092 INFO [main] a.AfspResponseParser [AfspResponseParser.java:18] ** Start Parsing Response **
2023-03-21 16:49:27,095 DEBUG [main] a.AfspHeader [AfspHeader.java:88]  ** PARSING HEADERS ** 
2023-03-21 16:49:27,095 INFO [main] a.AfspResponseParser [AfspResponseParser.java:108]  ** PARSING BODY **
2023-03-21 16:49:27,100 DEBUG [main] a.AfspResponse [AfspResponse.java:47] headerList EMPTY
2023-04-05 15:50:54,461 INFO [main] c.AfspClient [AfspClient.java:24] Client Starting...
2023-04-05 15:50:54,471 INFO [main] c.AfspClient [AfspClient.java:25] Using Mode: Production
2023-04-05 15:50:54,471 INFO [main] c.AfspClient [AfspClient.java:26] Using Port: 8080
2023-04-05 15:50:54,471 INFO [main] c.AfspClient [AfspClient.java:27] Using Folder: C:\Users\tramp\OneDrive\Bureaublad\client
2023-04-05 15:50:54,471 INFO [main] c.AfspClient [AfspClient.java:28] Using Host: 5.255.102.121
2023-04-05 15:50:56,851 INFO [main] c.PromptHandler [PromptHandler.java:45] Request: LIST %2F AFSP/1.0


2023-04-05 15:50:56,851 INFO [main] a.AfspResponseParser [AfspResponseParser.java:21] ** Start Parsing Response **
2023-04-05 15:50:56,861 INFO [main] a.AfspResponseParser [AfspResponseParser.java:91] ** STATUSCODE PARSED: 200**
2023-04-05 15:50:56,861 INFO [main] a.AfspResponseParser [AfspResponseParser.java:60] ** MESSAGE PARSED: OK**
2023-04-05 15:50:56,871 DEBUG [main] a.AfspHeader [AfspHeader.java:91]  ** PARSING HEADERS ** 
2023-04-05 15:50:56,873 DEBUG [main] a.AfspHeader [AfspHeader.java:115]  ** PARSING HEADERS DONE** 
2023-04-05 15:50:56,873 INFO [main] a.AfspResponseParser [AfspResponseParser.java:111]  ** PARSING BODY **
2023-04-05 15:50:56,873 INFO [main] a.AfspResponseParser [AfspResponseParser.java:123]  ** PARSING BODY DONE **
2023-04-05 15:50:56,873 INFO [main] a.AfspResponseParser [AfspResponseParser.java:127] AFSP/1.0 200 OK
Content-length: 9

text.txt

2023-04-05 15:54:39,776 INFO [main] c.AfspClient [AfspClient.java:24] Client Starting...
2023-04-05 15:54:39,778 INFO [main] c.AfspClient [AfspClient.java:25] Using Mode: Production
2023-04-05 15:54:39,781 INFO [main] c.AfspClient [AfspClient.java:26] Using Port: 8080
2023-04-05 15:54:39,781 INFO [main] c.AfspClient [AfspClient.java:27] Using Folder: C:\Users\tramp\OneDrive\Bureaublad\client
2023-04-05 15:54:39,781 INFO [main] c.AfspClient [AfspClient.java:28] Using Host: 5.255.102.121
2023-04-05 15:54:41,201 INFO [main] c.PromptHandler [PromptHandler.java:45] Request: LIST %2F AFSP/1.0


2023-04-05 15:54:41,201 INFO [main] a.AfspResponseParser [AfspResponseParser.java:21] ** Start Parsing Response **
2023-04-05 15:54:41,215 INFO [main] a.AfspResponseParser [AfspResponseParser.java:91] ** STATUSCODE PARSED: 200**
2023-04-05 15:54:41,217 INFO [main] a.AfspResponseParser [AfspResponseParser.java:60] ** MESSAGE PARSED: OK**
2023-04-05 15:54:41,218 DEBUG [main] a.AfspHeader [AfspHeader.java:91]  ** PARSING HEADERS ** 
2023-04-05 15:54:41,221 DEBUG [main] a.AfspHeader [AfspHeader.java:115]  ** PARSING HEADERS DONE** 
2023-04-05 15:54:41,221 INFO [main] a.AfspResponseParser [AfspResponseParser.java:111]  ** PARSING BODY **
2023-04-05 15:54:41,222 INFO [main] a.AfspResponseParser [AfspResponseParser.java:123]  ** PARSING BODY DONE **
2023-04-05 15:54:41,225 INFO [main] a.AfspResponseParser [AfspResponseParser.java:127] AFSP/1.0 200 OK
Content-length: 9

text.txt

2023-04-05 15:56:42,282 INFO [main] c.AfspClient [AfspClient.java:24] Client Starting...
2023-04-05 15:56:42,282 INFO [main] c.AfspClient [AfspClient.java:25] Using Mode: Production
2023-04-05 15:56:42,290 INFO [main] c.AfspClient [AfspClient.java:26] Using Port: 8080
2023-04-05 15:56:42,290 INFO [main] c.AfspClient [AfspClient.java:27] Using Folder: C:\Users\tramp\OneDrive\Bureaublad\client
2023-04-05 15:56:42,290 INFO [main] c.AfspClient [AfspClient.java:28] Using Host: 5.255.102.121
2023-04-05 15:57:22,079 INFO [main] c.AfspClient [AfspClient.java:24] Client Starting...
2023-04-05 15:57:22,090 INFO [main] c.AfspClient [AfspClient.java:25] Using Mode: Production
2023-04-05 15:57:22,090 INFO [main] c.AfspClient [AfspClient.java:26] Using Port: 8080
2023-04-05 15:57:22,090 INFO [main] c.AfspClient [AfspClient.java:27] Using Folder: C:\Users\tramp\OneDrive\Bureaublad\client
2023-04-05 15:57:22,090 INFO [main] c.AfspClient [AfspClient.java:28] Using Host: 5.255.102.121
2023-04-05 15:57:25,480 ERROR [main] c.PromptHandler [PromptHandler.java:81] Error while connecting to server
2023-04-05 15:57:30,210 ERROR [main] c.PromptHandler [PromptHandler.java:81] Error while connecting to server
2023-04-05 15:57:47,349 INFO [main] c.AfspClient [AfspClient.java:24] Client Starting...
2023-04-05 15:57:47,349 INFO [main] c.AfspClient [AfspClient.java:25] Using Mode: Production
2023-04-05 15:57:47,355 INFO [main] c.AfspClient [AfspClient.java:26] Using Port: 8080
2023-04-05 15:57:47,355 INFO [main] c.AfspClient [AfspClient.java:27] Using Folder: C:\Users\tramp\OneDrive\Bureaublad\client
2023-04-05 15:57:47,355 INFO [main] c.AfspClient [AfspClient.java:28] Using Host: localhost
2023-04-05 15:57:48,975 ERROR [main] c.PromptHandler [PromptHandler.java:81] Error while connecting to server
2023-04-05 15:58:01,599 INFO [main] c.AfspClient [AfspClient.java:24] Client Starting...
2023-04-05 15:58:01,599 INFO [main] c.AfspClient [AfspClient.java:25] Using Mode: Production
2023-04-05 15:58:01,599 INFO [main] c.AfspClient [AfspClient.java:26] Using Port: 8080
2023-04-05 15:58:01,599 INFO [main] c.AfspClient [AfspClient.java:27] Using Folder: C:\Users\tramp\OneDrive\Bureaublad\client
2023-04-05 15:58:01,599 INFO [main] c.AfspClient [AfspClient.java:28] Using Host: localhost
2023-04-05 15:58:03,060 INFO [main] c.PromptHandler [PromptHandler.java:45] Request: LIST %2F AFSP/1.0


2023-04-05 15:58:03,060 INFO [main] a.AfspResponseParser [AfspResponseParser.java:21] ** Start Parsing Response **
2023-04-05 15:58:03,089 INFO [main] a.AfspResponseParser [AfspResponseParser.java:91] ** STATUSCODE PARSED: 200**
2023-04-05 15:58:03,095 INFO [main] a.AfspResponseParser [AfspResponseParser.java:60] ** MESSAGE PARSED: OK**
2023-04-05 15:58:03,095 DEBUG [main] a.AfspHeader [AfspHeader.java:91]  ** PARSING HEADERS ** 
2023-04-05 15:58:03,095 DEBUG [main] a.AfspHeader [AfspHeader.java:115]  ** PARSING HEADERS DONE** 
2023-04-05 15:58:03,095 INFO [main] a.AfspResponseParser [AfspResponseParser.java:111]  ** PARSING BODY **
2023-04-05 15:58:03,095 INFO [main] a.AfspResponseParser [AfspResponseParser.java:123]  ** PARSING BODY DONE **
2023-04-05 15:58:03,100 INFO [main] a.AfspResponseParser [AfspResponseParser.java:127] AFSP/1.0 200 OK
Content-length: 9

test.txt

2023-04-05 15:58:13,540 INFO [main] c.PromptHandler [PromptHandler.java:45] Request: GET test.txt AFSP/1.0
Charset: UTF-8
Buffer-Size: 8192
Time-out: 1000


2023-04-05 15:58:13,548 INFO [main] a.AfspResponseParser [AfspResponseParser.java:21] ** Start Parsing Response **
2023-04-05 15:58:13,559 INFO [main] a.AfspResponseParser [AfspResponseParser.java:91] ** STATUSCODE PARSED: 200**
2023-04-05 15:58:13,559 INFO [main] a.AfspResponseParser [AfspResponseParser.java:60] ** MESSAGE PARSED: OK**
2023-04-05 15:58:13,559 DEBUG [main] a.AfspHeader [AfspHeader.java:91]  ** PARSING HEADERS ** 
2023-04-05 15:58:13,559 DEBUG [main] a.AfspHeader [AfspHeader.java:115]  ** PARSING HEADERS DONE** 
2023-04-05 15:58:13,559 INFO [main] a.AfspResponseParser [AfspResponseParser.java:111]  ** PARSING BODY **
2023-04-05 15:58:13,559 INFO [main] a.AfspResponseParser [AfspResponseParser.java:123]  ** PARSING BODY DONE **
2023-04-05 15:58:13,559 INFO [main] a.AfspResponseParser [AfspResponseParser.java:127] AFSP/1.0 200 OK
File-Size: 14
Identifier: 1680694345676


2023-04-05 15:58:13,559 DEBUG [main] u.AfspFileHandler [AfspFileHandler.java:96] FILESIZE:14
2023-04-05 15:58:13,564 DEBUG [main] u.AfspFileHandler [AfspFileHandler.java:100] BUFFERSIZE:8192
2023-04-05 15:58:13,564 DEBUG [main] u.AfspFileHandler [AfspFileHandler.java:104] FILESIZE:14
2023-04-05 15:58:13,564 DEBUG [main] u.AfspFileHandler [AfspFileHandler.java:106] bytesReceived:8192
2023-04-05 15:58:13,564 DEBUG [main] u.AfspFileHandler [AfspFileHandler.java:115] BYTES WRITTEN SO FAR8192
2023-04-05 15:58:13,564 DEBUG [main] u.AfspFileHandler [AfspFileHandler.java:117] BUFFER CLEARED
2023-04-05 15:58:13,564 DEBUG [main] u.AfspFileHandler [AfspFileHandler.java:119] EXITING LOOP
2023-04-05 15:59:30,103 INFO [main] c.AfspClient [AfspClient.java:24] Client Starting...
2023-04-05 15:59:30,109 INFO [main] c.AfspClient [AfspClient.java:25] Using Mode: Production
2023-04-05 15:59:30,109 INFO [main] c.AfspClient [AfspClient.java:26] Using Port: 8080
2023-04-05 15:59:30,109 INFO [main] c.AfspClient [AfspClient.java:27] Using Folder: C:\Users\tramp\OneDrive\Bureaublad\client
2023-04-05 15:59:30,109 INFO [main] c.AfspClient [AfspClient.java:28] Using Host: localhost
2023-04-05 15:59:30,896 INFO [main] c.PromptHandler [PromptHandler.java:45] Request: LIST %2F AFSP/1.0


2023-04-05 15:59:30,896 INFO [main] a.AfspResponseParser [AfspResponseParser.java:21] ** Start Parsing Response **
2023-04-05 15:59:30,899 INFO [main] a.AfspResponseParser [AfspResponseParser.java:91] ** STATUSCODE PARSED: 200**
2023-04-05 15:59:30,899 INFO [main] a.AfspResponseParser [AfspResponseParser.java:60] ** MESSAGE PARSED: OK**
2023-04-05 15:59:30,899 DEBUG [main] a.AfspHeader [AfspHeader.java:91]  ** PARSING HEADERS ** 
2023-04-05 15:59:30,899 DEBUG [main] a.AfspHeader [AfspHeader.java:115]  ** PARSING HEADERS DONE** 
2023-04-05 15:59:30,899 INFO [main] a.AfspResponseParser [AfspResponseParser.java:111]  ** PARSING BODY **
2023-04-05 15:59:30,899 INFO [main] a.AfspResponseParser [AfspResponseParser.java:123]  ** PARSING BODY DONE **
2023-04-05 15:59:30,909 INFO [main] a.AfspResponseParser [AfspResponseParser.java:127] AFSP/1.0 200 OK
Content-length: 9

test.txt

2023-04-05 15:59:51,949 INFO [main] c.AfspClient [AfspClient.java:24] Client Starting...
2023-04-05 15:59:51,949 INFO [main] c.AfspClient [AfspClient.java:25] Using Mode: Production
2023-04-05 15:59:51,949 INFO [main] c.AfspClient [AfspClient.java:26] Using Port: 8080
2023-04-05 15:59:51,949 INFO [main] c.AfspClient [AfspClient.java:27] Using Folder: C:\Users\tramp\OneDrive\Bureaublad\client
2023-04-05 15:59:51,949 INFO [main] c.AfspClient [AfspClient.java:28] Using Host: localhost
2023-04-05 16:00:08,765 INFO [main] c.AfspClient [AfspClient.java:24] Client Starting...
2023-04-05 16:00:08,765 INFO [main] c.AfspClient [AfspClient.java:25] Using Mode: Production
2023-04-05 16:00:08,769 INFO [main] c.AfspClient [AfspClient.java:26] Using Port: 8080
2023-04-05 16:00:08,769 INFO [main] c.AfspClient [AfspClient.java:27] Using Folder: C:\Users\tramp\OneDrive\Bureaublad\client
2023-04-05 16:00:08,769 INFO [main] c.AfspClient [AfspClient.java:28] Using Host: localhost
2023-04-05 16:00:10,399 INFO [main] c.PromptHandler [PromptHandler.java:45] Request: LIST %2F AFSP/1.0


2023-04-05 16:00:10,399 INFO [main] a.AfspResponseParser [AfspResponseParser.java:21] ** Start Parsing Response **
2023-04-05 16:00:10,402 INFO [main] a.AfspResponseParser [AfspResponseParser.java:91] ** STATUSCODE PARSED: 200**
2023-04-05 16:00:10,402 INFO [main] a.AfspResponseParser [AfspResponseParser.java:60] ** MESSAGE PARSED: OK**
2023-04-05 16:00:10,402 DEBUG [main] a.AfspHeader [AfspHeader.java:91]  ** PARSING HEADERS ** 
2023-04-05 16:00:10,409 DEBUG [main] a.AfspHeader [AfspHeader.java:115]  ** PARSING HEADERS DONE** 
2023-04-05 16:00:10,409 INFO [main] a.AfspResponseParser [AfspResponseParser.java:111]  ** PARSING BODY **
2023-04-05 16:00:10,409 INFO [main] a.AfspResponseParser [AfspResponseParser.java:123]  ** PARSING BODY DONE **
2023-04-05 16:00:10,409 INFO [main] a.AfspResponseParser [AfspResponseParser.java:127] AFSP/1.0 200 OK
Content-length: 9

test.txt

2023-04-05 16:00:45,726 INFO [main] c.AfspClient [AfspClient.java:24] Client Starting...
2023-04-05 16:00:45,729 INFO [main] c.AfspClient [AfspClient.java:25] Using Mode: Production
2023-04-05 16:00:45,732 INFO [main] c.AfspClient [AfspClient.java:26] Using Port: 8080
2023-04-05 16:00:45,732 INFO [main] c.AfspClient [AfspClient.java:27] Using Folder: C:\Users\tramp\OneDrive\Bureaublad\client
2023-04-05 16:00:45,732 INFO [main] c.AfspClient [AfspClient.java:28] Using Host: localhost
2023-04-05 16:00:58,615 INFO [main] c.AfspClient [AfspClient.java:24] Client Starting...
2023-04-05 16:00:58,619 INFO [main] c.AfspClient [AfspClient.java:25] Using Mode: Production
2023-04-05 16:00:58,619 INFO [main] c.AfspClient [AfspClient.java:26] Using Port: 8080
2023-04-05 16:00:58,619 INFO [main] c.AfspClient [AfspClient.java:27] Using Folder: C:\Users\tramp\OneDrive\Bureaublad\client
2023-04-05 16:00:58,619 INFO [main] c.AfspClient [AfspClient.java:28] Using Host: localhost
2023-04-05 16:01:09,019 INFO [main] c.AfspClient [AfspClient.java:24] Client Starting...
2023-04-05 16:01:09,019 INFO [main] c.AfspClient [AfspClient.java:25] Using Mode: Production
2023-04-05 16:01:09,019 INFO [main] c.AfspClient [AfspClient.java:26] Using Port: 8080
2023-04-05 16:01:09,019 INFO [main] c.AfspClient [AfspClient.java:27] Using Folder: C:\Users\tramp\OneDrive\Bureaublad\client
2023-04-05 16:01:09,019 INFO [main] c.AfspClient [AfspClient.java:28] Using Host: localhost
2023-04-05 16:03:28,618 INFO [main] c.AfspClient [AfspClient.java:24] Client Starting...
2023-04-05 16:03:28,618 INFO [main] c.AfspClient [AfspClient.java:25] Using Mode: Production
2023-04-05 16:03:28,624 INFO [main] c.AfspClient [AfspClient.java:26] Using Port: 8080
2023-04-05 16:03:28,624 INFO [main] c.AfspClient [AfspClient.java:27] Using Folder: C:\Users\tramp\OneDrive\Bureaublad\client
2023-04-05 16:03:28,624 INFO [main] c.AfspClient [AfspClient.java:28] Using Host: localhost
2023-04-05 16:03:30,018 INFO [main] c.PromptHandler [PromptHandler.java:45] Request: LIST %2F AFSP/1.0


2023-04-05 16:03:30,018 INFO [main] a.AfspResponseParser [AfspResponseParser.java:21] ** Start Parsing Response **
2023-04-05 16:03:30,018 INFO [main] a.AfspResponseParser [AfspResponseParser.java:91] ** STATUSCODE PARSED: 200**
2023-04-05 16:03:30,029 INFO [main] a.AfspResponseParser [AfspResponseParser.java:60] ** MESSAGE PARSED: OK**
2023-04-05 16:03:30,030 DEBUG [main] a.AfspHeader [AfspHeader.java:91]  ** PARSING HEADERS ** 
2023-04-05 16:03:30,030 DEBUG [main] a.AfspHeader [AfspHeader.java:115]  ** PARSING HEADERS DONE** 
2023-04-05 16:03:30,030 INFO [main] a.AfspResponseParser [AfspResponseParser.java:111]  ** PARSING BODY **
2023-04-05 16:03:30,030 INFO [main] a.AfspResponseParser [AfspResponseParser.java:123]  ** PARSING BODY DONE **
2023-04-05 16:03:30,038 INFO [main] a.AfspResponseParser [AfspResponseParser.java:127] AFSP/1.0 200 OK
Content-length: 9

test.txt

2023-04-05 16:04:35,551 INFO [main] c.AfspClient [AfspClient.java:24] Client Starting...
2023-04-05 16:04:35,551 INFO [main] c.AfspClient [AfspClient.java:25] Using Mode: Production
2023-04-05 16:04:35,558 INFO [main] c.AfspClient [AfspClient.java:26] Using Port: 8080
2023-04-05 16:04:35,558 INFO [main] c.AfspClient [AfspClient.java:27] Using Folder: C:\Users\tramp\OneDrive\Bureaublad\client
2023-04-05 16:04:35,558 INFO [main] c.AfspClient [AfspClient.java:28] Using Host: localhost
2023-04-05 16:04:36,438 INFO [main] c.PromptHandler [PromptHandler.java:45] Request: LIST %2F AFSP/1.0


2023-04-05 16:04:36,438 INFO [main] a.AfspResponseParser [AfspResponseParser.java:21] ** Start Parsing Response **
2023-04-05 16:04:36,448 INFO [main] a.AfspResponseParser [AfspResponseParser.java:91] ** STATUSCODE PARSED: 200**
2023-04-05 16:04:36,448 INFO [main] a.AfspResponseParser [AfspResponseParser.java:60] ** MESSAGE PARSED: OK**
2023-04-05 16:04:36,448 DEBUG [main] a.AfspHeader [AfspHeader.java:91]  ** PARSING HEADERS ** 
2023-04-05 16:04:36,454 DEBUG [main] a.AfspHeader [AfspHeader.java:115]  ** PARSING HEADERS DONE** 
2023-04-05 16:04:36,454 INFO [main] a.AfspResponseParser [AfspResponseParser.java:111]  ** PARSING BODY **
2023-04-05 16:04:36,454 INFO [main] a.AfspResponseParser [AfspResponseParser.java:123]  ** PARSING BODY DONE **
2023-04-05 16:04:36,458 INFO [main] a.AfspResponseParser [AfspResponseParser.java:127] AFSP/1.0 200 OK
Content-length: 9

test.txt

2023-04-05 16:04:58,811 INFO [main] c.AfspClient [AfspClient.java:24] Client Starting...
2023-04-05 16:04:58,818 INFO [main] c.AfspClient [AfspClient.java:25] Using Mode: Production
2023-04-05 16:04:58,818 INFO [main] c.AfspClient [AfspClient.java:26] Using Port: 8080
2023-04-05 16:04:58,818 INFO [main] c.AfspClient [AfspClient.java:27] Using Folder: C:\Users\tramp\OneDrive\Bureaublad\client
2023-04-05 16:04:58,818 INFO [main] c.AfspClient [AfspClient.java:28] Using Host: localhost
2023-04-05 16:05:01,128 INFO [main] c.PromptHandler [PromptHandler.java:45] Request: LIST %2F AFSP/1.0


2023-04-05 16:05:01,128 INFO [main] a.AfspResponseParser [AfspResponseParser.java:21] ** Start Parsing Response **
2023-04-05 16:05:01,128 INFO [main] a.AfspResponseParser [AfspResponseParser.java:91] ** STATUSCODE PARSED: 200**
2023-04-05 16:05:01,128 INFO [main] a.AfspResponseParser [AfspResponseParser.java:60] ** MESSAGE PARSED: OK**
2023-04-05 16:05:01,128 DEBUG [main] a.AfspHeader [AfspHeader.java:91]  ** PARSING HEADERS ** 
2023-04-05 16:05:01,138 DEBUG [main] a.AfspHeader [AfspHeader.java:115]  ** PARSING HEADERS DONE** 
2023-04-05 16:05:01,138 INFO [main] a.AfspResponseParser [AfspResponseParser.java:111]  ** PARSING BODY **
2023-04-05 16:05:01,138 INFO [main] a.AfspResponseParser [AfspResponseParser.java:123]  ** PARSING BODY DONE **
2023-04-05 16:05:01,142 INFO [main] a.AfspResponseParser [AfspResponseParser.java:127] AFSP/1.0 200 OK
Content-length: 9

test.txt

2023-04-05 16:05:29,318 INFO [main] c.AfspClient [AfspClient.java:24] Client Starting...
2023-04-05 16:05:29,318 INFO [main] c.AfspClient [AfspClient.java:25] Using Mode: Production
2023-04-05 16:05:29,318 INFO [main] c.AfspClient [AfspClient.java:26] Using Port: 8080
2023-04-05 16:05:29,318 INFO [main] c.AfspClient [AfspClient.java:27] Using Folder: C:\Users\tramp\OneDrive\Bureaublad\client
2023-04-05 16:05:29,318 INFO [main] c.AfspClient [AfspClient.java:28] Using Host: localhost
2023-04-05 16:05:31,248 INFO [main] c.PromptHandler [PromptHandler.java:45] Request: LIST %2F AFSP/1.0


2023-04-05 16:05:31,248 INFO [main] a.AfspResponseParser [AfspResponseParser.java:21] ** Start Parsing Response **
2023-04-05 16:05:31,256 INFO [main] a.AfspResponseParser [AfspResponseParser.java:91] ** STATUSCODE PARSED: 200**
2023-04-05 16:05:31,258 INFO [main] a.AfspResponseParser [AfspResponseParser.java:60] ** MESSAGE PARSED: OK**
2023-04-05 16:05:31,258 DEBUG [main] a.AfspHeader [AfspHeader.java:91]  ** PARSING HEADERS ** 
2023-04-05 16:05:31,258 DEBUG [main] a.AfspHeader [AfspHeader.java:115]  ** PARSING HEADERS DONE** 
2023-04-05 16:05:31,258 INFO [main] a.AfspResponseParser [AfspResponseParser.java:111]  ** PARSING BODY **
2023-04-05 16:05:31,258 INFO [main] a.AfspResponseParser [AfspResponseParser.java:123]  ** PARSING BODY DONE **
2023-04-05 16:05:31,268 INFO [main] a.AfspResponseParser [AfspResponseParser.java:127] AFSP/1.0 200 OK
Content-length: 9

test.txt

2023-04-05 16:06:36,171 INFO [main] c.AfspClient [AfspClient.java:24] Client Starting...
2023-04-05 16:06:36,177 INFO [main] c.AfspClient [AfspClient.java:25] Using Mode: Production
2023-04-05 16:06:36,177 INFO [main] c.AfspClient [AfspClient.java:26] Using Port: 8080
2023-04-05 16:06:36,177 INFO [main] c.AfspClient [AfspClient.java:27] Using Folder: C:\Users\tramp\OneDrive\Bureaublad\client
2023-04-05 16:06:36,177 INFO [main] c.AfspClient [AfspClient.java:28] Using Host: localhost
2023-04-05 16:06:37,027 INFO [main] c.PromptHandler [PromptHandler.java:45] Request: LIST %2F AFSP/1.0


2023-04-05 16:06:37,027 INFO [main] a.AfspResponseParser [AfspResponseParser.java:21] ** Start Parsing Response **
2023-04-05 16:06:37,027 INFO [main] a.AfspResponseParser [AfspResponseParser.java:91] ** STATUSCODE PARSED: 200**
2023-04-05 16:06:37,027 INFO [main] a.AfspResponseParser [AfspResponseParser.java:60] ** MESSAGE PARSED: OK**
2023-04-05 16:06:37,027 DEBUG [main] a.AfspHeader [AfspHeader.java:91]  ** PARSING HEADERS ** 
2023-04-05 16:06:37,039 DEBUG [main] a.AfspHeader [AfspHeader.java:115]  ** PARSING HEADERS DONE** 
2023-04-05 16:06:37,039 INFO [main] a.AfspResponseParser [AfspResponseParser.java:111]  ** PARSING BODY **
2023-04-05 16:06:37,039 INFO [main] a.AfspResponseParser [AfspResponseParser.java:123]  ** PARSING BODY DONE **
2023-04-05 16:06:37,039 INFO [main] a.AfspResponseParser [AfspResponseParser.java:127] AFSP/1.0 200 OK
Content-length: 9

test.txt

2023-04-05 16:06:49,177 INFO [main] c.AfspClient [AfspClient.java:24] Client Starting...
2023-04-05 16:06:49,177 INFO [main] c.AfspClient [AfspClient.java:25] Using Mode: Production
2023-04-05 16:06:49,182 INFO [main] c.AfspClient [AfspClient.java:26] Using Port: 8080
2023-04-05 16:06:49,183 INFO [main] c.AfspClient [AfspClient.java:27] Using Folder: C:\Users\tramp\OneDrive\Bureaublad\client
2023-04-05 16:06:49,183 INFO [main] c.AfspClient [AfspClient.java:28] Using Host: localhost
2023-04-05 16:06:50,679 INFO [main] c.PromptHandler [PromptHandler.java:45] Request: LIST %2F AFSP/1.0


2023-04-05 16:06:50,679 INFO [main] a.AfspResponseParser [AfspResponseParser.java:21] ** Start Parsing Response **
2023-04-05 16:06:50,688 INFO [main] a.AfspResponseParser [AfspResponseParser.java:91] ** STATUSCODE PARSED: 200**
2023-04-05 16:06:50,688 INFO [main] a.AfspResponseParser [AfspResponseParser.java:60] ** MESSAGE PARSED: OK**
2023-04-05 16:06:50,688 DEBUG [main] a.AfspHeader [AfspHeader.java:91]  ** PARSING HEADERS ** 
2023-04-05 16:06:50,688 DEBUG [main] a.AfspHeader [AfspHeader.java:115]  ** PARSING HEADERS DONE** 
2023-04-05 16:06:50,695 INFO [main] a.AfspResponseParser [AfspResponseParser.java:111]  ** PARSING BODY **
2023-04-05 16:06:50,695 INFO [main] a.AfspResponseParser [AfspResponseParser.java:123]  ** PARSING BODY DONE **
2023-04-05 16:06:50,698 INFO [main] a.AfspResponseParser [AfspResponseParser.java:127] AFSP/1.0 200 OK
Content-length: 9

test.txt

2023-04-05 16:07:10,127 INFO [main] c.AfspClient [AfspClient.java:24] Client Starting...
2023-04-05 16:07:10,127 INFO [main] c.AfspClient [AfspClient.java:25] Using Mode: Production
2023-04-05 16:07:10,131 INFO [main] c.AfspClient [AfspClient.java:26] Using Port: 8080
2023-04-05 16:07:10,131 INFO [main] c.AfspClient [AfspClient.java:27] Using Folder: C:\Users\tramp\OneDrive\Bureaublad\client
2023-04-05 16:07:10,131 INFO [main] c.AfspClient [AfspClient.java:28] Using Host: localhost
2023-04-05 16:07:12,007 INFO [main] c.PromptHandler [PromptHandler.java:45] Request: LIST %2F AFSP/1.0


2023-04-05 16:07:12,007 INFO [main] a.AfspResponseParser [AfspResponseParser.java:21] ** Start Parsing Response **
2023-04-05 16:07:12,007 INFO [main] a.AfspResponseParser [AfspResponseParser.java:91] ** STATUSCODE PARSED: 200**
2023-04-05 16:07:12,007 INFO [main] a.AfspResponseParser [AfspResponseParser.java:60] ** MESSAGE PARSED: OK**
2023-04-05 16:07:12,007 DEBUG [main] a.AfspHeader [AfspHeader.java:91]  ** PARSING HEADERS ** 
2023-04-05 16:07:12,018 DEBUG [main] a.AfspHeader [AfspHeader.java:115]  ** PARSING HEADERS DONE** 
2023-04-05 16:07:12,018 INFO [main] a.AfspResponseParser [AfspResponseParser.java:111]  ** PARSING BODY **
2023-04-05 16:07:12,021 INFO [main] a.AfspResponseParser [AfspResponseParser.java:123]  ** PARSING BODY DONE **
2023-04-05 16:07:12,021 INFO [main] a.AfspResponseParser [AfspResponseParser.java:127] AFSP/1.0 200 OK
Content-length: 9

test.txt

2023-04-05 16:07:25,550 INFO [main] c.PromptHandler [PromptHandler.java:45] Request: GET test.txt AFSP/1.0
Charset: UTF-8
Buffer-Size: 8192
Time-out: 1000


2023-04-05 16:07:25,550 INFO [main] a.AfspResponseParser [AfspResponseParser.java:21] ** Start Parsing Response **
2023-04-05 16:07:25,558 INFO [main] a.AfspResponseParser [AfspResponseParser.java:91] ** STATUSCODE PARSED: 200**
2023-04-05 16:07:25,558 INFO [main] a.AfspResponseParser [AfspResponseParser.java:60] ** MESSAGE PARSED: OK**
2023-04-05 16:07:25,558 DEBUG [main] a.AfspHeader [AfspHeader.java:91]  ** PARSING HEADERS ** 
2023-04-05 16:07:25,558 DEBUG [main] a.AfspHeader [AfspHeader.java:115]  ** PARSING HEADERS DONE** 
2023-04-05 16:07:25,558 INFO [main] a.AfspResponseParser [AfspResponseParser.java:111]  ** PARSING BODY **
2023-04-05 16:07:25,558 INFO [main] a.AfspResponseParser [AfspResponseParser.java:123]  ** PARSING BODY DONE **
2023-04-05 16:07:25,558 INFO [main] a.AfspResponseParser [AfspResponseParser.java:127] AFSP/1.0 200 OK
File-Size: 14
Identifier: 1680694345676


2023-04-05 16:07:25,558 DEBUG [main] u.AfspFileHandler [AfspFileHandler.java:96] FILESIZE:14
2023-04-05 16:07:25,558 DEBUG [main] u.AfspFileHandler [AfspFileHandler.java:100] BUFFERSIZE:8192
2023-04-05 16:07:25,558 DEBUG [main] u.AfspFileHandler [AfspFileHandler.java:104] FILESIZE:14
2023-04-05 16:07:25,558 DEBUG [main] u.AfspFileHandler [AfspFileHandler.java:106] bytesReceived:8192
2023-04-05 16:07:25,558 DEBUG [main] u.AfspFileHandler [AfspFileHandler.java:115] BYTES WRITTEN SO FAR8192
2023-04-05 16:07:25,558 DEBUG [main] u.AfspFileHandler [AfspFileHandler.java:117] BUFFER CLEARED
2023-04-05 16:07:25,558 DEBUG [main] u.AfspFileHandler [AfspFileHandler.java:119] EXITING LOOP
2023-04-05 16:09:08,402 INFO [main] c.AfspClient [AfspClient.java:24] Client Starting...
2023-04-05 16:09:08,402 INFO [main] c.AfspClient [AfspClient.java:25] Using Mode: Production
2023-04-05 16:09:08,407 INFO [main] c.AfspClient [AfspClient.java:26] Using Port: 8080
2023-04-05 16:09:08,407 INFO [main] c.AfspClient [AfspClient.java:27] Using Folder: C:\Users\tramp\OneDrive\Bureaublad\client
2023-04-05 16:09:08,407 INFO [main] c.AfspClient [AfspClient.java:28] Using Host: localhost
2023-04-05 16:09:09,697 INFO [main] c.PromptHandler [PromptHandler.java:45] Request: LIST %2F AFSP/1.0


2023-04-05 16:09:09,697 INFO [main] a.AfspResponseParser [AfspResponseParser.java:21] ** Start Parsing Response **
2023-04-05 16:09:09,704 INFO [main] a.AfspResponseParser [AfspResponseParser.java:91] ** STATUSCODE PARSED: 200**
2023-04-05 16:09:09,704 INFO [main] a.AfspResponseParser [AfspResponseParser.java:60] ** MESSAGE PARSED: OK**
2023-04-05 16:09:09,707 DEBUG [main] a.AfspHeader [AfspHeader.java:91]  ** PARSING HEADERS ** 
2023-04-05 16:09:09,707 DEBUG [main] a.AfspHeader [AfspHeader.java:115]  ** PARSING HEADERS DONE** 
2023-04-05 16:09:09,707 INFO [main] a.AfspResponseParser [AfspResponseParser.java:111]  ** PARSING BODY **
2023-04-05 16:09:09,707 INFO [main] a.AfspResponseParser [AfspResponseParser.java:123]  ** PARSING BODY DONE **
2023-04-05 16:09:09,712 INFO [main] a.AfspResponseParser [AfspResponseParser.java:127] AFSP/1.0 200 OK
Content-length: 9

test.txt

2023-04-05 16:09:15,237 INFO [main] c.PromptHandler [PromptHandler.java:45] Request: GET test.txt AFSP/1.0
Charset: UTF-8
Buffer-Size: 8192
Time-out: 1000


2023-04-05 16:09:15,237 INFO [main] a.AfspResponseParser [AfspResponseParser.java:21] ** Start Parsing Response **
2023-04-05 16:09:15,247 INFO [main] a.AfspResponseParser [AfspResponseParser.java:91] ** STATUSCODE PARSED: 200**
2023-04-05 16:09:15,247 INFO [main] a.AfspResponseParser [AfspResponseParser.java:60] ** MESSAGE PARSED: OK**
2023-04-05 16:09:15,247 DEBUG [main] a.AfspHeader [AfspHeader.java:91]  ** PARSING HEADERS ** 
2023-04-05 16:09:15,247 DEBUG [main] a.AfspHeader [AfspHeader.java:115]  ** PARSING HEADERS DONE** 
2023-04-05 16:09:15,247 INFO [main] a.AfspResponseParser [AfspResponseParser.java:111]  ** PARSING BODY **
2023-04-05 16:09:15,247 INFO [main] a.AfspResponseParser [AfspResponseParser.java:123]  ** PARSING BODY DONE **
2023-04-05 16:09:15,247 INFO [main] a.AfspResponseParser [AfspResponseParser.java:127] AFSP/1.0 200 OK
File-Size: 14
Identifier: 1680694345676


2023-04-05 16:09:15,251 DEBUG [main] u.AfspFileHandler [AfspFileHandler.java:96] FILESIZE:14
2023-04-05 16:09:15,251 DEBUG [main] u.AfspFileHandler [AfspFileHandler.java:100] BUFFERSIZE:8192
2023-04-05 16:09:15,251 DEBUG [main] u.AfspFileHandler [AfspFileHandler.java:104] FILESIZE:14
2023-04-05 16:09:15,251 DEBUG [main] u.AfspFileHandler [AfspFileHandler.java:106] bytesReceived:8192
2023-04-05 16:09:15,251 DEBUG [main] u.AfspFileHandler [AfspFileHandler.java:115] BYTES WRITTEN SO FAR8192
2023-04-05 16:09:15,251 DEBUG [main] u.AfspFileHandler [AfspFileHandler.java:117] BUFFER CLEARED
2023-04-05 16:09:15,251 DEBUG [main] u.AfspFileHandler [AfspFileHandler.java:119] EXITING LOOP
2023-04-05 16:09:34,737 INFO [main] c.AfspClient [AfspClient.java:24] Client Starting...
2023-04-05 16:09:34,739 INFO [main] c.AfspClient [AfspClient.java:25] Using Mode: Production
2023-04-05 16:09:34,739 INFO [main] c.AfspClient [AfspClient.java:26] Using Port: 8080
2023-04-05 16:09:34,739 INFO [main] c.AfspClient [AfspClient.java:27] Using Folder: C:\Users\tramp\OneDrive\Bureaublad\client
2023-04-05 16:09:34,739 INFO [main] c.AfspClient [AfspClient.java:28] Using Host: localhost
2023-04-05 16:09:37,887 INFO [main] c.PromptHandler [PromptHandler.java:45] Request: LIST %2F AFSP/1.0


2023-04-05 16:09:37,887 INFO [main] a.AfspResponseParser [AfspResponseParser.java:21] ** Start Parsing Response **
2023-04-05 16:09:37,893 INFO [main] a.AfspResponseParser [AfspResponseParser.java:91] ** STATUSCODE PARSED: 200**
2023-04-05 16:09:37,897 INFO [main] a.AfspResponseParser [AfspResponseParser.java:60] ** MESSAGE PARSED: OK**
2023-04-05 16:09:37,897 DEBUG [main] a.AfspHeader [AfspHeader.java:91]  ** PARSING HEADERS ** 
2023-04-05 16:09:37,897 DEBUG [main] a.AfspHeader [AfspHeader.java:115]  ** PARSING HEADERS DONE** 
2023-04-05 16:09:37,897 INFO [main] a.AfspResponseParser [AfspResponseParser.java:111]  ** PARSING BODY **
2023-04-05 16:09:37,897 INFO [main] a.AfspResponseParser [AfspResponseParser.java:123]  ** PARSING BODY DONE **
2023-04-05 16:09:37,910 INFO [main] a.AfspResponseParser [AfspResponseParser.java:127] AFSP/1.0 200 OK
Content-length: 9

test.txt

2023-04-05 16:09:43,828 INFO [main] c.PromptHandler [PromptHandler.java:45] Request: GET test.txt AFSP/1.0
Charset: UTF-8
Buffer-Size: 8192
Time-out: 1000


2023-04-05 16:09:43,828 INFO [main] a.AfspResponseParser [AfspResponseParser.java:21] ** Start Parsing Response **
2023-04-05 16:09:43,828 INFO [main] a.AfspResponseParser [AfspResponseParser.java:91] ** STATUSCODE PARSED: 200**
2023-04-05 16:09:43,828 INFO [main] a.AfspResponseParser [AfspResponseParser.java:60] ** MESSAGE PARSED: OK**
2023-04-05 16:09:43,828 DEBUG [main] a.AfspHeader [AfspHeader.java:91]  ** PARSING HEADERS ** 
2023-04-05 16:09:43,828 DEBUG [main] a.AfspHeader [AfspHeader.java:115]  ** PARSING HEADERS DONE** 
2023-04-05 16:09:43,828 INFO [main] a.AfspResponseParser [AfspResponseParser.java:111]  ** PARSING BODY **
2023-04-05 16:09:43,828 INFO [main] a.AfspResponseParser [AfspResponseParser.java:123]  ** PARSING BODY DONE **
2023-04-05 16:09:43,828 INFO [main] a.AfspResponseParser [AfspResponseParser.java:127] AFSP/1.0 200 OK
File-Size: 14
Identifier: 1680694345676


2023-04-05 16:09:43,828 DEBUG [main] u.AfspFileHandler [AfspFileHandler.java:96] FILESIZE:14
2023-04-05 16:09:43,828 DEBUG [main] u.AfspFileHandler [AfspFileHandler.java:100] BUFFERSIZE:8192
2023-04-05 16:09:43,828 DEBUG [main] u.AfspFileHandler [AfspFileHandler.java:104] FILESIZE:14
2023-04-05 16:09:43,828 DEBUG [main] u.AfspFileHandler [AfspFileHandler.java:106] bytesReceived:8192
2023-04-05 16:09:43,828 DEBUG [main] u.AfspFileHandler [AfspFileHandler.java:115] BYTES WRITTEN SO FAR8192
2023-04-05 16:09:43,828 DEBUG [main] u.AfspFileHandler [AfspFileHandler.java:117] BUFFER CLEARED
2023-04-05 16:09:43,828 DEBUG [main] u.AfspFileHandler [AfspFileHandler.java:119] EXITING LOOP
2023-04-05 16:11:37,548 INFO [main] c.AfspClient [AfspClient.java:24] Client Starting...
2023-04-05 16:11:37,556 INFO [main] c.AfspClient [AfspClient.java:25] Using Mode: Production
2023-04-05 16:11:37,556 INFO [main] c.AfspClient [AfspClient.java:26] Using Port: 8080
2023-04-05 16:11:37,556 INFO [main] c.AfspClient [AfspClient.java:27] Using Folder: C:\Users\tramp\OneDrive\Bureaublad\client
2023-04-05 16:11:37,556 INFO [main] c.AfspClient [AfspClient.java:28] Using Host: localhost
2023-04-05 16:11:38,649 INFO [main] c.PromptHandler [PromptHandler.java:45] Request: LIST %2F AFSP/1.0


2023-04-05 16:11:38,649 INFO [main] a.AfspResponseParser [AfspResponseParser.java:21] ** Start Parsing Response **
2023-04-05 16:11:38,656 INFO [main] a.AfspResponseParser [AfspResponseParser.java:91] ** STATUSCODE PARSED: 200**
2023-04-05 16:11:38,656 INFO [main] a.AfspResponseParser [AfspResponseParser.java:60] ** MESSAGE PARSED: OK**
2023-04-05 16:11:38,656 DEBUG [main] a.AfspHeader [AfspHeader.java:91]  ** PARSING HEADERS ** 
2023-04-05 16:11:38,666 DEBUG [main] a.AfspHeader [AfspHeader.java:115]  ** PARSING HEADERS DONE** 
2023-04-05 16:11:38,666 INFO [main] a.AfspResponseParser [AfspResponseParser.java:111]  ** PARSING BODY **
2023-04-05 16:11:38,666 INFO [main] a.AfspResponseParser [AfspResponseParser.java:123]  ** PARSING BODY DONE **
2023-04-05 16:11:38,666 INFO [main] a.AfspResponseParser [AfspResponseParser.java:127] AFSP/1.0 200 OK
Content-length: 9

test.txt

2023-04-05 16:11:53,256 INFO [main] c.PromptHandler [PromptHandler.java:45] Request: LIST %2F AFSP/1.0


2023-04-05 16:11:53,256 INFO [main] a.AfspResponseParser [AfspResponseParser.java:21] ** Start Parsing Response **
2023-04-05 16:11:53,256 INFO [main] a.AfspResponseParser [AfspResponseParser.java:91] ** STATUSCODE PARSED: 200**
2023-04-05 16:11:53,256 INFO [main] a.AfspResponseParser [AfspResponseParser.java:60] ** MESSAGE PARSED: OK**
2023-04-05 16:11:53,256 DEBUG [main] a.AfspHeader [AfspHeader.java:91]  ** PARSING HEADERS ** 
2023-04-05 16:11:53,256 DEBUG [main] a.AfspHeader [AfspHeader.java:115]  ** PARSING HEADERS DONE** 
2023-04-05 16:11:53,256 INFO [main] a.AfspResponseParser [AfspResponseParser.java:111]  ** PARSING BODY **
2023-04-05 16:11:53,266 INFO [main] a.AfspResponseParser [AfspResponseParser.java:123]  ** PARSING BODY DONE **
2023-04-05 16:11:53,266 INFO [main] a.AfspResponseParser [AfspResponseParser.java:127] AFSP/1.0 200 OK
Content-length: 9

test.txt

2023-04-05 16:12:00,517 INFO [main] c.PromptHandler [PromptHandler.java:45] Request: DELETE %2F AFSP/1.0


2023-04-05 16:12:00,517 INFO [main] a.AfspResponseParser [AfspResponseParser.java:21] ** Start Parsing Response **
2023-04-05 16:14:48,076 INFO [main] c.AfspClient [AfspClient.java:24] Client Starting...
2023-04-05 16:14:48,076 INFO [main] c.AfspClient [AfspClient.java:25] Using Mode: Production
2023-04-05 16:14:48,082 INFO [main] c.AfspClient [AfspClient.java:26] Using Port: 8080
2023-04-05 16:14:48,082 INFO [main] c.AfspClient [AfspClient.java:27] Using Folder: C:\Users\tramp\OneDrive\Bureaublad\client
2023-04-05 16:14:48,082 INFO [main] c.AfspClient [AfspClient.java:28] Using Host: localhost
2023-04-05 16:20:03,564 INFO [main] c.AfspClient [AfspClient.java:24] Client Starting...
2023-04-05 16:20:03,569 INFO [main] c.AfspClient [AfspClient.java:25] Using Mode: Production
2023-04-05 16:20:03,574 INFO [main] c.AfspClient [AfspClient.java:26] Using Port: 8080
2023-04-05 16:20:03,574 INFO [main] c.AfspClient [AfspClient.java:27] Using Folder: C:\Users\tramp\OneDrive\Bureaublad\client
2023-04-05 16:20:03,574 INFO [main] c.AfspClient [AfspClient.java:28] Using Host: localhost
2023-04-05 16:20:28,420 INFO [main] c.AfspClient [AfspClient.java:24] Client Starting...
2023-04-05 16:20:28,425 INFO [main] c.AfspClient [AfspClient.java:25] Using Mode: Production
2023-04-05 16:20:28,425 INFO [main] c.AfspClient [AfspClient.java:26] Using Port: 8080
2023-04-05 16:20:28,425 INFO [main] c.AfspClient [AfspClient.java:27] Using Folder: C:\Users\tramp\OneDrive\Bureaublad\client
2023-04-05 16:20:28,425 INFO [main] c.AfspClient [AfspClient.java:28] Using Host: localhost
2023-04-05 16:20:28,455 INFO [main] c.PromptHandler [PromptHandler.java:45] Request: LIST %2F AFSP/1.0


2023-04-05 16:20:28,455 INFO [main] a.AfspResponseParser [AfspResponseParser.java:21] ** Start Parsing Response **
2023-04-05 16:20:28,457 INFO [main] a.AfspResponseParser [AfspResponseParser.java:91] ** STATUSCODE PARSED: 200**
2023-04-05 16:20:28,457 INFO [main] a.AfspResponseParser [AfspResponseParser.java:60] ** MESSAGE PARSED: OK**
2023-04-05 16:20:28,457 DEBUG [main] a.AfspHeader [AfspHeader.java:91]  ** PARSING HEADERS ** 
2023-04-05 16:20:28,465 DEBUG [main] a.AfspHeader [AfspHeader.java:115]  ** PARSING HEADERS DONE** 
2023-04-05 16:20:28,465 INFO [main] a.AfspResponseParser [AfspResponseParser.java:111]  ** PARSING BODY **
2023-04-05 16:20:28,465 INFO [main] a.AfspResponseParser [AfspResponseParser.java:123]  ** PARSING BODY DONE **
2023-04-05 16:20:28,469 INFO [main] a.AfspResponseParser [AfspResponseParser.java:127] AFSP/1.0 200 OK
Content-length: 9

test.txt

2023-04-05 16:21:14,224 INFO [main] c.AfspClient [AfspClient.java:24] Client Starting...
2023-04-05 16:21:14,224 INFO [main] c.AfspClient [AfspClient.java:25] Using Mode: Production
2023-04-05 16:21:14,234 INFO [main] c.AfspClient [AfspClient.java:26] Using Port: 8080
2023-04-05 16:21:14,234 INFO [main] c.AfspClient [AfspClient.java:27] Using Folder: C:\Users\tramp\OneDrive\Bureaublad\client
2023-04-05 16:21:14,234 INFO [main] c.AfspClient [AfspClient.java:28] Using Host: localhost
2023-04-05 16:21:14,254 INFO [main] c.PromptHandler [PromptHandler.java:45] Request: LIST %2F AFSP/1.0


2023-04-05 16:21:14,254 INFO [main] a.AfspResponseParser [AfspResponseParser.java:21] ** Start Parsing Response **
2023-04-05 16:21:14,264 INFO [main] a.AfspResponseParser [AfspResponseParser.java:91] ** STATUSCODE PARSED: 200**
2023-04-05 16:21:14,267 INFO [main] a.AfspResponseParser [AfspResponseParser.java:60] ** MESSAGE PARSED: OK**
2023-04-05 16:21:14,267 DEBUG [main] a.AfspHeader [AfspHeader.java:91]  ** PARSING HEADERS ** 
2023-04-05 16:21:14,267 DEBUG [main] a.AfspHeader [AfspHeader.java:115]  ** PARSING HEADERS DONE** 
2023-04-05 16:21:14,267 INFO [main] a.AfspResponseParser [AfspResponseParser.java:111]  ** PARSING BODY **
2023-04-05 16:21:14,267 INFO [main] a.AfspResponseParser [AfspResponseParser.java:123]  ** PARSING BODY DONE **
2023-04-05 16:21:14,274 INFO [main] a.AfspResponseParser [AfspResponseParser.java:127] AFSP/1.0 200 OK
Content-length: 9

test.txt

2023-04-05 16:21:17,503 INFO [main] c.PromptHandler [PromptHandler.java:45] Request: POST %2F AFSP/1.0
Charset: UTF-8
Buffer-Size: 8192
Time-out: 1000


2023-04-05 16:21:17,505 INFO [main] a.AfspResponseParser [AfspResponseParser.java:21] ** Start Parsing Response **
2023-04-05 16:21:57,599 INFO [main] c.AfspClient [AfspClient.java:24] Client Starting...
2023-04-05 16:21:57,599 INFO [main] c.AfspClient [AfspClient.java:25] Using Mode: Production
2023-04-05 16:21:57,604 INFO [main] c.AfspClient [AfspClient.java:26] Using Port: 8080
2023-04-05 16:21:57,604 INFO [main] c.AfspClient [AfspClient.java:27] Using Folder: C:\Users\tramp\OneDrive\Bureaublad\client
2023-04-05 16:21:57,604 INFO [main] c.AfspClient [AfspClient.java:28] Using Host: localhost
2023-04-05 16:21:58,994 INFO [main] c.PromptHandler [PromptHandler.java:45] Request: LIST %2F AFSP/1.0


2023-04-05 16:21:58,994 INFO [main] a.AfspResponseParser [AfspResponseParser.java:21] ** Start Parsing Response **
2023-04-05 16:21:58,994 INFO [main] a.AfspResponseParser [AfspResponseParser.java:91] ** STATUSCODE PARSED: 200**
2023-04-05 16:21:58,994 INFO [main] a.AfspResponseParser [AfspResponseParser.java:60] ** MESSAGE PARSED: OK**
2023-04-05 16:21:58,994 DEBUG [main] a.AfspHeader [AfspHeader.java:91]  ** PARSING HEADERS ** 
2023-04-05 16:21:59,005 DEBUG [main] a.AfspHeader [AfspHeader.java:115]  ** PARSING HEADERS DONE** 
2023-04-05 16:21:59,005 INFO [main] a.AfspResponseParser [AfspResponseParser.java:111]  ** PARSING BODY **
2023-04-05 16:21:59,005 INFO [main] a.AfspResponseParser [AfspResponseParser.java:123]  ** PARSING BODY DONE **
2023-04-05 16:21:59,007 INFO [main] a.AfspResponseParser [AfspResponseParser.java:127] AFSP/1.0 200 OK
Content-length: 9

test.txt

2023-04-05 16:22:11,065 INFO [main] c.PromptHandler [PromptHandler.java:45] Request: LIST %2F AFSP/1.0


2023-04-05 16:22:11,065 INFO [main] a.AfspResponseParser [AfspResponseParser.java:21] ** Start Parsing Response **
2023-04-05 16:22:11,065 INFO [main] a.AfspResponseParser [AfspResponseParser.java:91] ** STATUSCODE PARSED: 200**
2023-04-05 16:22:11,065 INFO [main] a.AfspResponseParser [AfspResponseParser.java:60] ** MESSAGE PARSED: OK**
2023-04-05 16:22:11,065 DEBUG [main] a.AfspHeader [AfspHeader.java:91]  ** PARSING HEADERS ** 
2023-04-05 16:22:11,065 DEBUG [main] a.AfspHeader [AfspHeader.java:115]  ** PARSING HEADERS DONE** 
2023-04-05 16:22:11,065 INFO [main] a.AfspResponseParser [AfspResponseParser.java:111]  ** PARSING BODY **
2023-04-05 16:22:11,065 INFO [main] a.AfspResponseParser [AfspResponseParser.java:123]  ** PARSING BODY DONE **
2023-04-05 16:22:11,065 INFO [main] a.AfspResponseParser [AfspResponseParser.java:127] AFSP/1.0 200 OK
Content-length: 9

test.txt

2023-04-05 16:26:23,054 INFO [main] c.AfspClient [AfspClient.java:24] Client Starting...
2023-04-05 16:26:23,063 INFO [main] c.AfspClient [AfspClient.java:25] Using Mode: Production
2023-04-05 16:26:23,063 INFO [main] c.AfspClient [AfspClient.java:26] Using Port: 8080
2023-04-05 16:26:23,063 INFO [main] c.AfspClient [AfspClient.java:27] Using Folder: C:\Users\tramp\OneDrive\Bureaublad\client
2023-04-05 16:26:23,063 INFO [main] c.AfspClient [AfspClient.java:28] Using Host: localhost
2023-04-05 16:26:23,085 INFO [main] c.PromptHandler [PromptHandler.java:45] Request: LIST %2F AFSP/1.0


2023-04-05 16:26:23,093 INFO [main] a.AfspResponseParser [AfspResponseParser.java:21] ** Start Parsing Response **
2023-04-05 16:26:23,093 INFO [main] a.AfspResponseParser [AfspResponseParser.java:91] ** STATUSCODE PARSED: 200**
2023-04-05 16:26:23,093 INFO [main] a.AfspResponseParser [AfspResponseParser.java:60] ** MESSAGE PARSED: OK**
2023-04-05 16:26:23,093 DEBUG [main] a.AfspHeader [AfspHeader.java:91]  ** PARSING HEADERS ** 
2023-04-05 16:26:23,103 DEBUG [main] a.AfspHeader [AfspHeader.java:115]  ** PARSING HEADERS DONE** 
2023-04-05 16:26:23,103 INFO [main] a.AfspResponseParser [AfspResponseParser.java:111]  ** PARSING BODY **
2023-04-05 16:26:23,103 INFO [main] a.AfspResponseParser [AfspResponseParser.java:123]  ** PARSING BODY DONE **
2023-04-05 16:26:23,103 INFO [main] a.AfspResponseParser [AfspResponseParser.java:127] AFSP/1.0 200 OK
Content-length: 9

test.txt

2023-04-05 16:26:27,114 INFO [main] c.PromptHandler [PromptHandler.java:45] Request: LIST %2F AFSP/1.0


2023-04-05 16:26:27,114 INFO [main] a.AfspResponseParser [AfspResponseParser.java:21] ** Start Parsing Response **
2023-04-05 16:26:27,114 INFO [main] a.AfspResponseParser [AfspResponseParser.java:91] ** STATUSCODE PARSED: 200**
2023-04-05 16:26:27,114 INFO [main] a.AfspResponseParser [AfspResponseParser.java:60] ** MESSAGE PARSED: OK**
2023-04-05 16:26:27,114 DEBUG [main] a.AfspHeader [AfspHeader.java:91]  ** PARSING HEADERS ** 
2023-04-05 16:26:27,114 DEBUG [main] a.AfspHeader [AfspHeader.java:115]  ** PARSING HEADERS DONE** 
2023-04-05 16:26:27,114 INFO [main] a.AfspResponseParser [AfspResponseParser.java:111]  ** PARSING BODY **
2023-04-05 16:26:27,114 INFO [main] a.AfspResponseParser [AfspResponseParser.java:123]  ** PARSING BODY DONE **
2023-04-05 16:26:27,114 INFO [main] a.AfspResponseParser [AfspResponseParser.java:127] AFSP/1.0 200 OK
Content-length: 9

test.txt

2023-04-05 16:26:30,165 INFO [main] c.PromptHandler [PromptHandler.java:45] Request: LIST %2F AFSP/1.0


2023-04-05 16:26:30,165 INFO [main] a.AfspResponseParser [AfspResponseParser.java:21] ** Start Parsing Response **
2023-04-05 16:26:30,173 INFO [main] a.AfspResponseParser [AfspResponseParser.java:91] ** STATUSCODE PARSED: 200**
2023-04-05 16:26:30,173 INFO [main] a.AfspResponseParser [AfspResponseParser.java:60] ** MESSAGE PARSED: OK**
2023-04-05 16:26:30,173 DEBUG [main] a.AfspHeader [AfspHeader.java:91]  ** PARSING HEADERS ** 
2023-04-05 16:26:30,173 DEBUG [main] a.AfspHeader [AfspHeader.java:115]  ** PARSING HEADERS DONE** 
2023-04-05 16:26:30,173 INFO [main] a.AfspResponseParser [AfspResponseParser.java:111]  ** PARSING BODY **
2023-04-05 16:26:30,173 INFO [main] a.AfspResponseParser [AfspResponseParser.java:123]  ** PARSING BODY DONE **
2023-04-05 16:26:30,173 INFO [main] a.AfspResponseParser [AfspResponseParser.java:127] AFSP/1.0 200 OK
Content-length: 9

test.txt

2023-04-05 16:27:55,136 INFO [main] c.AfspClient [AfspClient.java:24] Client Starting...
2023-04-05 16:27:55,136 INFO [main] c.AfspClient [AfspClient.java:25] Using Mode: Production
2023-04-05 16:27:55,143 INFO [main] c.AfspClient [AfspClient.java:26] Using Port: 8080
2023-04-05 16:27:55,143 INFO [main] c.AfspClient [AfspClient.java:27] Using Folder: C:\Users\tramp\OneDrive\Bureaublad\client
2023-04-05 16:27:55,143 INFO [main] c.AfspClient [AfspClient.java:28] Using Host: localhost
2023-04-05 16:27:55,173 INFO [main] c.PromptHandler [PromptHandler.java:45] Request: LIST %2F AFSP/1.0


2023-04-05 16:27:55,173 INFO [main] a.AfspResponseParser [AfspResponseParser.java:21] ** Start Parsing Response **
2023-04-05 16:27:55,180 INFO [main] a.AfspResponseParser [AfspResponseParser.java:91] ** STATUSCODE PARSED: 200**
2023-04-05 16:27:55,183 INFO [main] a.AfspResponseParser [AfspResponseParser.java:60] ** MESSAGE PARSED: OK**
2023-04-05 16:27:55,183 DEBUG [main] a.AfspHeader [AfspHeader.java:91]  ** PARSING HEADERS ** 
2023-04-05 16:27:55,188 DEBUG [main] a.AfspHeader [AfspHeader.java:115]  ** PARSING HEADERS DONE** 
2023-04-05 16:27:55,188 INFO [main] a.AfspResponseParser [AfspResponseParser.java:111]  ** PARSING BODY **
2023-04-05 16:27:55,188 INFO [main] a.AfspResponseParser [AfspResponseParser.java:123]  ** PARSING BODY DONE **
2023-04-05 16:27:55,193 INFO [main] a.AfspResponseParser [AfspResponseParser.java:127] AFSP/1.0 200 OK
Content-length: 9

test.txt

2023-04-05 16:27:57,205 INFO [main] c.PromptHandler [PromptHandler.java:45] Request: LIST %2F AFSP/1.0


2023-04-05 16:27:57,205 INFO [main] a.AfspResponseParser [AfspResponseParser.java:21] ** Start Parsing Response **
2023-04-05 16:27:57,205 INFO [main] a.AfspResponseParser [AfspResponseParser.java:91] ** STATUSCODE PARSED: 200**
2023-04-05 16:27:57,205 INFO [main] a.AfspResponseParser [AfspResponseParser.java:60] ** MESSAGE PARSED: OK**
2023-04-05 16:27:57,211 DEBUG [main] a.AfspHeader [AfspHeader.java:91]  ** PARSING HEADERS ** 
2023-04-05 16:27:57,211 DEBUG [main] a.AfspHeader [AfspHeader.java:115]  ** PARSING HEADERS DONE** 
2023-04-05 16:27:57,211 INFO [main] a.AfspResponseParser [AfspResponseParser.java:111]  ** PARSING BODY **
2023-04-05 16:27:57,211 INFO [main] a.AfspResponseParser [AfspResponseParser.java:123]  ** PARSING BODY DONE **
2023-04-05 16:27:57,211 INFO [main] a.AfspResponseParser [AfspResponseParser.java:127] AFSP/1.0 200 OK
Content-length: 9

test.txt

2023-04-05 16:28:18,234 INFO [main] c.AfspClient [AfspClient.java:24] Client Starting...
2023-04-05 16:28:18,243 INFO [main] c.AfspClient [AfspClient.java:25] Using Mode: Production
2023-04-05 16:28:18,243 INFO [main] c.AfspClient [AfspClient.java:26] Using Port: 8080
2023-04-05 16:28:18,243 INFO [main] c.AfspClient [AfspClient.java:27] Using Folder: C:\Users\tramp\OneDrive\Bureaublad\client
2023-04-05 16:28:18,243 INFO [main] c.AfspClient [AfspClient.java:28] Using Host: localhost
2023-04-05 16:28:18,273 INFO [main] c.PromptHandler [PromptHandler.java:45] Request: LIST %2F AFSP/1.0


2023-04-05 16:28:18,273 INFO [main] a.AfspResponseParser [AfspResponseParser.java:21] ** Start Parsing Response **
2023-04-05 16:28:18,273 INFO [main] a.AfspResponseParser [AfspResponseParser.java:91] ** STATUSCODE PARSED: 200**
2023-04-05 16:28:18,273 INFO [main] a.AfspResponseParser [AfspResponseParser.java:60] ** MESSAGE PARSED: OK**
2023-04-05 16:28:18,283 DEBUG [main] a.AfspHeader [AfspHeader.java:91]  ** PARSING HEADERS ** 
2023-04-05 16:28:18,283 DEBUG [main] a.AfspHeader [AfspHeader.java:115]  ** PARSING HEADERS DONE** 
2023-04-05 16:28:18,283 INFO [main] a.AfspResponseParser [AfspResponseParser.java:111]  ** PARSING BODY **
2023-04-05 16:28:18,283 INFO [main] a.AfspResponseParser [AfspResponseParser.java:123]  ** PARSING BODY DONE **
2023-04-05 16:28:18,283 INFO [main] a.AfspResponseParser [AfspResponseParser.java:127] AFSP/1.0 200 OK
Content-length: 9

test.txt

2023-04-05 16:28:47,713 INFO [main] c.AfspClient [AfspClient.java:24] Client Starting...
2023-04-05 16:28:47,723 INFO [main] c.AfspClient [AfspClient.java:25] Using Mode: Production
2023-04-05 16:28:47,723 INFO [main] c.AfspClient [AfspClient.java:26] Using Port: 8080
2023-04-05 16:28:47,723 INFO [main] c.AfspClient [AfspClient.java:27] Using Folder: C:\Users\tramp\OneDrive\Bureaublad\client
2023-04-05 16:28:47,723 INFO [main] c.AfspClient [AfspClient.java:28] Using Host: localhost
2023-04-05 16:28:47,754 INFO [main] c.PromptHandler [PromptHandler.java:45] Request: LIST %2F AFSP/1.0


2023-04-05 16:28:47,754 INFO [main] a.AfspResponseParser [AfspResponseParser.java:21] ** Start Parsing Response **
2023-04-05 16:28:47,754 INFO [main] a.AfspResponseParser [AfspResponseParser.java:91] ** STATUSCODE PARSED: 200**
2023-04-05 16:28:47,763 INFO [main] a.AfspResponseParser [AfspResponseParser.java:60] ** MESSAGE PARSED: OK**
2023-04-05 16:28:47,763 DEBUG [main] a.AfspHeader [AfspHeader.java:91]  ** PARSING HEADERS ** 
2023-04-05 16:28:47,763 DEBUG [main] a.AfspHeader [AfspHeader.java:115]  ** PARSING HEADERS DONE** 
2023-04-05 16:28:47,763 INFO [main] a.AfspResponseParser [AfspResponseParser.java:111]  ** PARSING BODY **
2023-04-05 16:28:47,763 INFO [main] a.AfspResponseParser [AfspResponseParser.java:123]  ** PARSING BODY DONE **
2023-04-05 16:28:47,773 INFO [main] a.AfspResponseParser [AfspResponseParser.java:127] AFSP/1.0 200 OK
Content-length: 9

test.txt

2023-04-05 16:28:56,133 INFO [main] c.PromptHandler [PromptHandler.java:45] Request: LIST %2F AFSP/1.0


2023-04-05 16:28:56,133 INFO [main] a.AfspResponseParser [AfspResponseParser.java:21] ** Start Parsing Response **
2023-04-05 16:28:56,133 INFO [main] a.AfspResponseParser [AfspResponseParser.java:91] ** STATUSCODE PARSED: 200**
2023-04-05 16:28:56,133 INFO [main] a.AfspResponseParser [AfspResponseParser.java:60] ** MESSAGE PARSED: OK**
2023-04-05 16:28:56,133 DEBUG [main] a.AfspHeader [AfspHeader.java:91]  ** PARSING HEADERS ** 
2023-04-05 16:28:56,133 DEBUG [main] a.AfspHeader [AfspHeader.java:115]  ** PARSING HEADERS DONE** 
2023-04-05 16:28:56,133 INFO [main] a.AfspResponseParser [AfspResponseParser.java:111]  ** PARSING BODY **
2023-04-05 16:28:56,133 INFO [main] a.AfspResponseParser [AfspResponseParser.java:123]  ** PARSING BODY DONE **
2023-04-05 16:28:56,133 INFO [main] a.AfspResponseParser [AfspResponseParser.java:127] AFSP/1.0 200 OK
Content-length: 9

test.txt

